<?xml version="1.0" encoding="UTF-8"?>
<testsuite xmlns:xsi="http://www.w3.org/2001/XMLSchema-instance" xsi:noNamespaceSchemaLocation="https://maven.apache.org/surefire/maven-surefire-plugin/xsd/surefire-test-report.xsd" name="com.zhongruan.AppTest" time="0.034" tests="1" errors="0" skipped="0" failures="0">
  <properties>
    <property name="sun.desktop" value="windows"/>
    <property name="awt.toolkit" value="sun.awt.windows.WToolkit"/>
    <property name="file.encoding.pkg" value="sun.io"/>
    <property name="java.specification.version" value="1.8"/>
    <property name="sun.cpu.isalist" value="amd64"/>
    <property name="sun.jnu.encoding" value="GBK"/>
    <property name="java.class.path" value="F:\shixi\campusmarket\dao\target\test-classes;F:\shixi\campusmarket\dao\target\classes;F:\Maven\repository\junit\junit\4.11\junit-4.11.jar;F:\Maven\repository\org\hamcrest\hamcrest-core\1.3\hamcrest-core-1.3.jar;F:\shixi\campusmarket\bean\target\bean-1.0-SNAPSHOT.jar;F:\Maven\repository\javax\servlet\javax.servlet-api\3.1.0\javax.servlet-api-3.1.0.jar;F:\Maven\repository\org\mybatis\mybatis\3.4.5\mybatis-3.4.5.jar;F:\Maven\repository\com\mchange\c3p0\0.9.5.2\c3p0-0.9.5.2.jar;F:\Maven\repository\com\mchange\mchange-commons-java\0.2.11\mchange-commons-java-0.2.11.jar;F:\Maven\repository\org\mybatis\mybatis-spring\1.3.1\mybatis-spring-1.3.1.jar;F:\Maven\repository\org\springframework\spring-jdbc\5.0.3.RELEASE\spring-jdbc-5.0.3.RELEASE.jar;F:\Maven\repository\org\springframework\spring-beans\5.0.3.RELEASE\spring-beans-5.0.3.RELEASE.jar;F:\Maven\repository\org\springframework\spring-core\5.0.3.RELEASE\spring-core-5.0.3.RELEASE.jar;F:\Maven\repository\org\springframework\spring-jcl\5.0.3.RELEASE\spring-jcl-5.0.3.RELEASE.jar;F:\Maven\repository\org\springframework\spring-tx\5.0.3.RELEASE\spring-tx-5.0.3.RELEASE.jar;F:\Maven\repository\com\github\pagehelper\pagehelper\4.0.0\pagehelper-4.0.0.jar;F:\Maven\repository\com\github\jsqlparser\jsqlparser\0.9.1\jsqlparser-0.9.1.jar;"/>
    <property name="java.vm.vendor" value="Oracle Corporation"/>
    <property name="sun.arch.data.model" value="64"/>
    <property name="user.variant" value=""/>
    <property name="java.vendor.url" value="http://java.oracle.com/"/>
    <property name="user.timezone" value="Asia/Shanghai"/>
    <property name="java.vm.specification.version" value="1.8"/>
    <property name="os.name" value="Windows 10"/>
    <property name="user.country" value="CN"/>
    <property name="sun.java.launcher" value="SUN_STANDARD"/>
    <property name="sun.boot.library.path" value="C:\Program Files\Java\jdk1.8.0_201\jre\bin"/>
    <property name="sun.java.command" value="C:\Users\17127\AppData\Local\Temp\surefire2241693350198388737\surefirebooter403935688891659806.jar C:\Users\17127\AppData\Local\Temp\surefire2241693350198388737 2019-07-08T00-16-16_907-jvmRun1 surefire3617911656911074144tmp surefire_16557262597853026305tmp"/>
    <property name="surefire.test.class.path" value="F:\shixi\campusmarket\dao\target\test-classes;F:\shixi\campusmarket\dao\target\classes;F:\Maven\repository\junit\junit\4.11\junit-4.11.jar;F:\Maven\repository\org\hamcrest\hamcrest-core\1.3\hamcrest-core-1.3.jar;F:\shixi\campusmarket\bean\target\bean-1.0-SNAPSHOT.jar;F:\Maven\repository\javax\servlet\javax.servlet-api\3.1.0\javax.servlet-api-3.1.0.jar;F:\Maven\repository\org\mybatis\mybatis\3.4.5\mybatis-3.4.5.jar;F:\Maven\repository\com\mchange\c3p0\0.9.5.2\c3p0-0.9.5.2.jar;F:\Maven\repository\com\mchange\mchange-commons-java\0.2.11\mchange-commons-java-0.2.11.jar;F:\Maven\repository\org\mybatis\mybatis-spring\1.3.1\mybatis-spring-1.3.1.jar;F:\Maven\repository\org\springframework\spring-jdbc\5.0.3.RELEASE\spring-jdbc-5.0.3.RELEASE.jar;F:\Maven\repository\org\springframework\spring-beans\5.0.3.RELEASE\spring-beans-5.0.3.RELEASE.jar;F:\Maven\repository\org\springframework\spring-core\5.0.3.RELEASE\spring-core-5.0.3.RELEASE.jar;F:\Maven\repository\org\springframework\spring-jcl\5.0.3.RELEASE\spring-jcl-5.0.3.RELEASE.jar;F:\Maven\repository\org\springframework\spring-tx\5.0.3.RELEASE\spring-tx-5.0.3.RELEASE.jar;F:\Maven\repository\com\github\pagehelper\pagehelper\4.0.0\pagehelper-4.0.0.jar;F:\Maven\repository\com\github\jsqlparser\jsqlparser\0.9.1\jsqlparser-0.9.1.jar;"/>
    <property name="sun.cpu.endian" value="little"/>
    <property name="user.home" value="C:\Users\17127"/>
    <property name="user.language" value="zh"/>
    <property name="java.specification.vendor" value="Oracle Corporation"/>
    <property name="java.home" value="C:\Program Files\Java\jdk1.8.0_201\jre"/>
    <property name="basedir" value="F:\shixi\campusmarket\dao"/>
    <property name="file.separator" value="\"/>
    <property name="line.separator" value="&#10;"/>
    <property name="java.vm.specification.vendor" value="Oracle Corporation"/>
    <property name="java.specification.name" value="Java Platform API Specification"/>
    <property name="java.awt.graphicsenv" value="sun.awt.Win32GraphicsEnvironment"/>
    <property name="surefire.real.class.path" value="C:\Users\17127\AppData\Local\Temp\surefire2241693350198388737\surefirebooter403935688891659806.jar"/>
    <property name="sun.boot.class.path" value="C:\Program Files\Java\jdk1.8.0_201\jre\lib\resources.jar;C:\Program Files\Java\jdk1.8.0_201\jre\lib\rt.jar;C:\Program Files\Java\jdk1.8.0_201\jre\lib\sunrsasign.jar;C:\Program Files\Java\jdk1.8.0_201\jre\lib\jsse.jar;C:\Program Files\Java\jdk1.8.0_201\jre\lib\jce.jar;C:\Program Files\Java\jdk1.8.0_201\jre\lib\charsets.jar;C:\Program Files\Java\jdk1.8.0_201\jre\lib\jfr.jar;C:\Program Files\Java\jdk1.8.0_201\jre\classes"/>
    <property name="user.script" value=""/>
    <property name="sun.management.compiler" value="HotSpot 64-Bit Tiered Compilers"/>
    <property name="java.runtime.version" value="1.8.0_201-b09"/>
    <property name="user.name" value="17127"/>
    <property name="path.separator" value=";"/>
    <property name="os.version" value="10.0"/>
    <property name="java.endorsed.dirs" value="C:\Program Files\Java\jdk1.8.0_201\jre\lib\endorsed"/>
    <property name="java.runtime.name" value="Java(TM) SE Runtime Environment"/>
    <property name="file.encoding" value="GBK"/>
    <property name="java.vm.name" value="Java HotSpot(TM) 64-Bit Server VM"/>
    <property name="localRepository" value="F:\Maven\repository"/>
    <property name="java.vendor.url.bug" value="http://bugreport.sun.com/bugreport/"/>
    <property name="java.io.tmpdir" value="C:\Users\17127\AppData\Local\Temp\"/>
    <property name="java.version" value="1.8.0_201"/>
    <property name="user.dir" value="F:\shixi\campusmarket\dao"/>
    <property name="os.arch" value="amd64"/>
    <property name="java.vm.specification.name" value="Java Virtual Machine Specification"/>
    <property name="java.awt.printerjob" value="sun.awt.windows.WPrinterJob"/>
    <property name="sun.os.patch.level" value=""/>
    <property name="idea.version2019.1" value="true"/>
    <property name="java.library.path" value="C:\Program Files\Java\jdk1.8.0_201\jre\bin;C:\WINDOWS\Sun\Java\bin;C:\WINDOWS\system32;C:\WINDOWS;C:\Program Files (x86)\Common Files\Oracle\Java\javapath;C:\Windows\system32;C:\Windows;C:\Windows\System32\Wbem;C:\Windows\System32\WindowsPowerShell\v1.0\;C:\Program Files (x86)\NVIDIA Corporation\PhysX\Common;C:\Program Files\NVIDIA Corporation\NVIDIA NvDLISR;C:\Program Files\Git\cmd;C:\Program Files\PuTTY\;%SystemRoot%\system32;%SystemRoot%;%SystemRoot%\System32\Wbem;%SYSTEMROOT%\System32\WindowsPowerShell\v1.0\;%SYSTEMROOT%\System32\OpenSSH\;D:\matlab\install\runtime\win64;D:\matlab\install\bin;D:\matlab\install\polyspace\bin;C:\Users\17127\AppData\Local\Microsoft\WindowsApps;C:\Program Files\Java\jdk1.8.0_201\bin;C:\Program Files\Java\jdk1.8.0_201\jre;E:\AndroidTool\platform-tools;C:\Users\17127\AppData\Local\Programs\Python\Python37-32;D:\fiddler;D:\MongoDB\bin;C:\Program Files\MySQL\MySQL Server 5.5\bin;F:\Maven\apache-maven-3.6.0\bin;;."/>
    <property name="java.vm.info" value="mixed mode"/>
    <property name="java.vendor" value="Oracle Corporation"/>
    <property name="java.vm.version" value="25.201-b09"/>
    <property name="java.ext.dirs" value="C:\Program Files\Java\jdk1.8.0_201\jre\lib\ext;C:\WINDOWS\Sun\Java\lib\ext"/>
    <property name="sun.io.unicode.encoding" value="UnicodeLittle"/>
    <property name="maven.repo.local" value="F:\Maven\repository"/>
    <property name="java.class.version" value="52.0"/>
  </properties>
  <testcase name="shouldAnswerWithTrue" classname="com.zhongruan.AppTest" time="0.001"/>
</testsuite>